C51 COMPILER V7.08   LCD                                                                   04/11/2016 13:25:11 PAGE 1   


C51 COMPILER V7.08, COMPILATION OF MODULE LCD
OBJECT MODULE PLACED IN lcd.OBJ
COMPILER INVOKED BY: C:\Keil\C51\BIN\C51.EXE lcd.c LARGE BROWSE DEBUG OBJECTEXTEND

line level    source

   1          /*************************************************
   2          *描述：
   3          *     LCD真彩液晶屏指令设置
   4          *功能：
   5          *    1. 通过单片机串口显示数字，汉字；
   6          *    2. 液晶屏光标设置及初始化；
   7          
   8          ************************************************/
   9          #include "STC12C5A60S2.h"
  10          #include "intrins.h"
  11          #include "config.h" 
  12          #include "absacc.h"
  13          
  14          void Txbyte(uchar idata i);
  15          //void Txbyte_1(uchar idata i);
  16          void Tword(uint idata i);
  17          void Tword_1(uint idata i);
  18          void TxEOF();
  19          void TxEOF_1();
  20          
  21          /**************************
  22          *  向串口2发送一个字节
  23          ***************************/
  24          void Txbyte(uchar idata i)
  25          {
  26   1         uchar idata temp=0;
  27   1         IE2=0x00;            //关串口2中断,ES2=0
  28   1      //   S2CON= S2CON&0xFD;   //B'11111101,清零串口2发送完成中断请求标志
  29   1         S2BUF=i;
  30   1         do
  31   1         {
  32   2           temp=S2CON;
  33   2           temp=temp&0x02;
  34   2          }
  35   1              while(temp==0);
  36   1          S2CON=S2CON&0xFD;   //B'11111101,清零串口2发送完成中断请求标志
  37   1          IE2=0x01;           //允许串口2中断,ES2=1
  38   1      }
  39          
  40          /**************************
  41          *  向串口2发送一个字
  42          ***************************/
  43          void Tword(uint idata i)
  44           {
  45   1           uchar idata x,y;
  46   1           x=(i/256);
  47   1           Txbyte(x);
  48   1           y=i-256*x;
  49   1           Txbyte(y);
  50   1       }
  51          
  52          /****************************
  53          *    向串口2发送帧结束符
  54          *****************************/
  55          void TxEOF()       //发送帧结束符CC 33 C3 3C
C51 COMPILER V7.08   LCD                                                                   04/11/2016 13:25:11 PAGE 2   

  56          {
  57   1               Txbyte(0xCC);
  58   1               Txbyte(0x33);
  59   1               Txbyte(0xC3);
  60   1               Txbyte(0x3C);
  61   1       }
  62          
  63          /****************************
  64          *      串口2数据显示
  65          ******************************/ 
  66          void Tnumber(int idata x,int idata y,uint idata n)
  67          {
  68   1               uchar idata a,b,c,d,e;
  69   1               Txbyte(0xAA);
  70   1               Txbyte(0x98);
  71   1               Tword(x);              //x坐标
  72   1               Tword(y);                  //y坐标
  73   1           Txbyte(0x24);
  74   1           Txbyte(0xC1);          //显示背景色
  75   1           Txbyte(0x05);
  76   1           Txbyte(0xff);
  77   1           Txbyte(0xff);
  78   1           Txbyte(0x00);
  79   1           Txbyte(0x1f);
  80   1               a=n/10000;             //数据转换成ASCII码
  81   1               b=n%10000/1000;
  82   1               c=n%10000%1000/100;
  83   1               d=n%10000%1000%100/10;
  84   1               e=n%10000%1000%100%10;
  85   1               if(a!=0)
  86   1               {
  87   2                       Txbyte(a+0x30);
  88   2                       Txbyte(b+0x30);
  89   2                   Txbyte(c+0x30);
  90   2                   Txbyte(d+0x30);
  91   2                   Txbyte(e+0x30);
  92   2               }  
  93   1           else
  94   1               {
  95   2                        if(b!=0)
  96   2                         {
  97   3                               Txbyte(b+0x30);
  98   3                               Txbyte(c+0x30);
  99   3                           Txbyte(d+0x30);
 100   3                           Txbyte(e+0x30);
 101   3                         } 
 102   2                        else
 103   2                         {
 104   3                          if(c!=0)
 105   3                          {
 106   4                                       Txbyte(c+0x30);
 107   4                           Txbyte(d+0x30);
 108   4                                   Txbyte(e+0x30);
 109   4                           } 
 110   3                               else
 111   3                                {
 112   4                                  if(d!=0)
 113   4                                  {
 114   5                                               Txbyte(d+0x30);
 115   5                               Txbyte(e+0x30);
 116   5                                   } 
 117   4                                      else
C51 COMPILER V7.08   LCD                                                                   04/11/2016 13:25:11 PAGE 3   

 118   4                                       {
 119   5                          Txbyte(e+0x30);
 120   5                                       }
 121   4                              }
 122   3                      }
 123   2          }
 124   1                
 125   1               TxEOF();              //发送结束符
 126   1               shortdelay(20);
 127   1      }
 128          
 129          
 130          /*****************************
 131          *       串口2文本显示
 132          ******************************/
 133          void Txtext(uint idata x,uint idata y,uchar *s)
 134            {
 135   1                 Txbyte(0xAA);      //帧头0xAA
 136   1                 Txbyte(0x98);      //48*48点阵
 137   1                 Tword(x);          //x坐标
 138   1                 Tword(y);          //y坐标
 139   1             Txbyte(0x24);
 140   1                 Txbyte(0x81);      //不显示背景色
 141   1                 Txbyte(0x05);
 142   1                 Txbyte(0xff);
 143   1                 Txbyte(0xff);
 144   1                 Txbyte(0x00);
 145   1                 Txbyte(0x1f);
 146   1                 while(*s)          //发送字符串内容
 147   1                  {
 148   2                        Txbyte(*s);
 149   2                        s++;
 150   2                        }
 151   1                 TxEOF();                   //发送帧结束符
 152   1             shortdelay(20);
 153   1         }
 154          
 155          /*******************************
 156          *        串口2屏幕初始化
 157          *********************************/
 158          void Lcd_init()
 159          {
 160   1               Txtext(250,182,"请 稍 等");
 161   1               Txtext(120,250,"进 行 初 始 化 中"); 
 162   1       }
 163          
 164          /*******************************
 165          *        串口2屏幕开机
 166          *********************************/
 167          void Lcd_Start()
 168          {
 169   1               Txtext(190,182,"清 华 大 学");
 170   1               Txtext(50,250,"核能与新能源技术研究院"); 
 171   1       }
 172          
 173          /*******************************
 174          *         串口2  清屏
 175          ********************************/
 176          void Lcd_Clear()
 177          {
 178   1               Txbyte(0xAA);
 179   1               Txbyte(0x52);
C51 COMPILER V7.08   LCD                                                                   04/11/2016 13:25:11 PAGE 4   

 180   1               TxEOF();
 181   1       }
 182          
 183          /*************************************
 184          *          光标打开
 185          *************************************/
 186          void Open (uint idata x,uint idata y)
 187          {
 188   1              Txbyte(0xAA);      //帧头0xAA
 189   1              Txbyte(0x44);      //光标显示
 190   1          Txbyte(0x01);      //光标显示打开
 191   1              Tword(x);              //x坐标
 192   1              Tword(y);              //y坐标
 193   1              Txbyte(0x1F);
 194   1              Txbyte(0x05);
 195   1          TxEOF();
 196   1      }
 197          
 198          /*************************************
 199          *          光标关闭
 200          *************************************/
 201          void Close (uint idata x,uint idata y)
 202          {
 203   1              Txbyte(0xAA);     //帧头0xAA
 204   1              Txbyte(0x44);     //光标显示
 205   1          Txbyte(0x00);     //光标显示关闭
 206   1              Tword(x);            //x坐标
 207   1              Tword(y);            //y坐标
 208   1              Txbyte(0x1B);
 209   1              Txbyte(0x05);
 210   1          TxEOF();
 211   1      }
 212          
 213          /************************************
 214          *         清除光标
 215          *************************************/
 216          void Clear()
 217          {
 218   1        Close(112+Incdataright*48-96,128+wb*68-68);
 219   1        Close(432+Incdataright*48-96,128+wb*68-68);
 220   1        Close(160+Incdataright*48-144,128+wb*68-68);
 221   1        Close(480+Incdataright*48-144,128+wb*68-68);
 222   1      }
 223          
 224          
 225          /****************************************
 226          *          图片显示
 227          ****************************************/
 228          /*void picture()
 229          {
 230              Txbyte(0xAA);       
 231              Txbyte(0x70);
 232                  Txbyte(0x01);
 233              TxEOF();
 234          }*/
 235          
 236          /*****************************
 237          *       串口2红灯显示
 238          ******************************/
 239          void WarnLed_On(uint idata x,uint idata y)
 240            {
 241   1                 Txbyte(0xAA);      
C51 COMPILER V7.08   LCD                                                                   04/11/2016 13:25:11 PAGE 5   

 242   1                 Txbyte(0x9C);      
 243   1             Txbyte(0x04); 
 244   1             Txbyte(0x00); 
 245   1                 Txbyte(0x00); 
 246   1             Txbyte(0x00); 
 247   1             Txbyte(0x00);
 248   1             Txbyte(0x00);  
 249   1                 Txbyte(0x28);      
 250   1                 Txbyte(0x00);
 251   1                 Txbyte(0x28);
 252   1             Tword(x);             //x坐标
 253   1                 Tword(y);         //y坐标
 254   1                 TxEOF();                  //发送帧结束符
 255   1         }
 256          
 257          
 258          /*****************************
 259          *       串口2蓝色显示
 260          ******************************/
 261          void WarnLed_Off(uint idata x,uint idata y)
 262            {
 263   1                 Txbyte(0xAA);      
 264   1                 Txbyte(0x9C);      
 265   1             Txbyte(0x05); 
 266   1             Txbyte(0x00); 
 267   1                 Txbyte(0x00); 
 268   1             Txbyte(0x00); 
 269   1             Txbyte(0x00);
 270   1             Txbyte(0x00);  
 271   1                 Txbyte(0x30);      
 272   1                 Txbyte(0x00);
 273   1                 Txbyte(0x30);
 274   1             Tword(x);             //x坐标
 275   1                 Tword(y);         //y坐标
 276   1                 TxEOF();                  //发送帧结束符
 277   1         }
 278          


MODULE INFORMATION:   STATIC OVERLAYABLE
   CODE SIZE        =    877    ----
   CONSTANT SIZE    =     62    ----
   XDATA SIZE       =   ----       8
   PDATA SIZE       =   ----    ----
   DATA SIZE        =   ----    ----
   IDATA SIZE       =   ----       8
   BIT SIZE         =   ----    ----
END OF MODULE INFORMATION.


C51 COMPILATION COMPLETE.  0 WARNING(S),  0 ERROR(S)
