C51 COMPILER V7.08   MASTERDISPLAY                                                         04/11/2016 13:25:14 PAGE 1   


C51 COMPILER V7.08, COMPILATION OF MODULE MASTERDISPLAY
OBJECT MODULE PLACED IN Masterdisplay.OBJ
COMPILER INVOKED BY: C:\Keil\C51\BIN\C51.EXE Masterdisplay.c LARGE BROWSE DEBUG OBJECTEXTEND

line level    source

   1          /********************************************************************
   2          *描述：
   3          *     处理主机显示从机数据报警
   4          *功能：
   5          *     LED指示灯（屏幕上）闪烁报警，直到下次数据更新，再重新判断灯闪烁
   6          
   7          *********************************************************************/
   8          #include "STC12C5A60S2.h"
   9          #include "intrins.h"
  10          #include "config.h" 
  11          #include "absacc.h"
  12          #include "stdio.h"
  13          #include "math.h"
  14          
  15          uchar receive_buf[57];                      //接收从机数据
  16          uchar Flag_need_warn[7];                   //需要报警标志，初始0
  17          uchar State_On_Off[7];                     //指示灯状态标志.初始0
  18          
  19          void Warning_Disp(uchar Num,uchar Flag,uchar State);
  20          void Updata_Led(uchar j);
  21          
  22          /*************************************
  23          *         显示从机计数率   
  24          *************************************/
  25          void display_b()
  26          {    
  27   1          uchar idata j;
  28   1          Lcd_Clear();
  29   1              for(j=0;j<receive_buf[56];j++)
  30   1              {
  31   2                 /********剂量率显示**********/ 
  32   2                  Txtext(60,42+(j*58),"探头");
  33   2                      Tnumber(160,42+(j*58),j+9);
  34   2                      Txtext(210,42+(j*58),":");
  35   2                      if(receive_buf[8*j] != 0)
  36   2                      {
  37   3                              Tnumber(230,42+(j*58),receive_buf[8*j]); 
  38   3                              Tnumber(270,42+(j*58),receive_buf[8*j+1]);
  39   3                              Tnumber(310,42+(j*58),receive_buf[8*j+2]);
  40   3                              Txtext(350,42+(j*58),".");
  41   3                              Tnumber(390,42+(j*58),receive_buf[8*j+3]);
  42   3                              Tnumber(430,42+(j*58),receive_buf[8*j+4]);
  43   3                              Tnumber(470,42+(j*58),receive_buf[8*j+5]);
  44   3                       }
  45   2                       else
  46   2                       {
  47   3                              if(receive_buf[8*j+1] != 0)
  48   3                              {
  49   4                                      Tnumber(270,42+(j*58),receive_buf[8*j+1]);
  50   4                                      Tnumber(310,42+(j*58),receive_buf[8*j+2]);
  51   4                                      Txtext(350,42+(j*58),".");
  52   4                                      Tnumber(390,42+(j*58),receive_buf[8*j+3]);
  53   4                                      Tnumber(430,42+(j*58),receive_buf[8*j+4]);
  54   4                                      Tnumber(470,42+(j*58),receive_buf[8*j+5]);
  55   4                              }
C51 COMPILER V7.08   MASTERDISPLAY                                                         04/11/2016 13:25:14 PAGE 2   

  56   3                              else
  57   3                              {
  58   4                                      Tnumber(310,42+(j*58),receive_buf[8*j+2]);
  59   4                                      Txtext(350,42+(j*58),".");
  60   4                                      Tnumber(390,42+(j*58),receive_buf[8*j+3]);
  61   4                                      Tnumber(430,42+(j*58),receive_buf[8*j+4]);
  62   4                                      Tnumber(470,42+(j*58),receive_buf[8*j+5]);
  63   4                              }
  64   3                       }
  65   2                 /**********计量单位显示***********/
  66   2                      if(receive_buf[8*j+6]==1)
  67   2                      {   
  68   3                              Txtext(510,42+(j*58),"Bq/L");
  69   3                      }
  70   2                      else if(receive_buf[8*j+6]==2)
  71   2                      {
  72   3                              Txtext(510,42+(j*58),"KBq/L");
  73   3                      } 
  74   2                      else if(receive_buf[8*j+6]==3)
  75   2                      {
  76   3                              Txtext(510,42+(j*58),"MBq/L");
  77   3                      }               
  78   2                      if(receive_buf[8*j+7] == 1)
  79   2                      {
  80   3                          WarnLed_On(5,42+(j*58));        // 修改
  81   3                              Flag_need_warn[j]=1;
  82   3                      State_On_Off[j]=1;
  83   3                      }
  84   2                      else if(receive_buf[8*j+7] == 0)
  85   2                      {
  86   3                          WarnLed_Off(0,42+(j*58));       // 修改
  87   3                              Flag_need_warn[j]=0;
  88   3                              State_On_Off[j]=0;
  89   3                      }
  90   2              }
  91   1      }
  92          
  93          /***********************************
  94          *          灯闪烁
  95          ************************************/
  96          void RedLed_Flash(void)
  97          {
  98   1          uchar idata i;
  99   1              for(i=0;i<receive_buf[56];i++)
 100   1              {
 101   2                      Updata_Led(i);
 102   2                      Warning_Disp(i,Flag_need_warn[i],State_On_Off[i]);
 103   2              }
 104   1      }
 105          
 106          /***********************************
 107          *          更新指示灯状态
 108          ************************************/
 109          void Updata_Led(uchar j)
 110          {
 111   1              if(Flag_need_warn[j])
 112   1              {
 113   2                  if(State_On_Off[j])
 114   2                      {
 115   3                              State_On_Off[j]=0;
 116   3                      }
 117   2                      else
C51 COMPILER V7.08   MASTERDISPLAY                                                         04/11/2016 13:25:14 PAGE 3   

 118   2                      {
 119   3                              State_On_Off[j]=1;
 120   3                      }
 121   2              }
 122   1              else
 123   1                              State_On_Off[j]=0;
 124   1      }
 125          /************************************
 126          *          警告显示
 127          *************************************/
 128          void Warning_Disp(uchar Num,uchar Flag,uchar State)
 129          {
 130   1              if(Flag)
 131   1              {
 132   2                      if(State)
 133   2                      {
 134   3                              WarnLed_On(5,42+(Num*58));   // 修改
 135   3                              return;
 136   3                       }
 137   2              }
 138   1              WarnLed_Off(0,42+(Num*58));       // 修改
 139   1      }


MODULE INFORMATION:   STATIC OVERLAYABLE
   CODE SIZE        =    851    ----
   CONSTANT SIZE    =     26    ----
   XDATA SIZE       =     71       1
   PDATA SIZE       =   ----    ----
   DATA SIZE        =   ----    ----
   IDATA SIZE       =   ----       2
   BIT SIZE         =   ----    ----
END OF MODULE INFORMATION.


C51 COMPILATION COMPLETE.  0 WARNING(S),  0 ERROR(S)
