C51 COMPILER V7.08   MEASURE                                                               04/11/2016 13:25:16 PAGE 1   


C51 COMPILER V7.08, COMPILATION OF MODULE MEASURE
OBJECT MODULE PLACED IN measure.OBJ
COMPILER INVOKED BY: C:\Keil\C51\BIN\C51.EXE measure.c LARGE BROWSE DEBUG OBJECTEXTEND

line level    source

   1          /*************************************************
   2          *描述：
   3          *    测量函数设置
   4          *功能：
   5          *    1.选择探头工作，初始化8253，并开启定时器；
   6          *    2.显示时间和探头设置，等待定时到；
   7          *    3.定时到，刷新屏幕，显示计数率；
   8          
   9          **************************************************/
  10          #include "STC12C5A60S2.h"
  11          #include "intrins.h"
  12          #include "config.h" 
  13          #include "absacc.h"      
  14          
  15          void ShowSetResult();
  16          
  17          void measure()
  18          {   
  19   1               uchar j;
  20   1           Signal1=Var_Signal1;                   //选择探头
  21   1           Signal2=Var_Signal2;
  22   1           Signal3=Var_Signal3; 
  23   1           ShowSetResult();                                      //显示当前参数结果
  24   1           if((Flag_ParaChange == 1)||(Flag_InputChange == 1))   //探头或参数有修改
  25   1           {
  26   2                   Flag_ParaChange = 0;
  27   2                   Flag_InputChange = 0;
  28   2                /*设置完的参数存储到AT24C16*/
  29   2                   if(Incinput<9)      
  30   2                  dt_in[330]=Incinput;                        //IIC存储数组(探头个数标志)
  31   2                   else                                                               //注意到这里强制探头数量必须小于9
  32   2                       {
  33   3                          Incinput=8;
  34   3                              dt_in[330]=Incinput;
  35   3                       }
  36   2                   DS_SaveData(dt_in);                 //把调节系数的数据保存到AT24C16芯片中 
  37   2           }
  38   1               jishucount=0;
  39   1               for(j=0;j<8;j++)                                               //置零用来算三次平滑平均值的数组
  40   1               {
  41   2                      save0[j]=0;
  42   2                      save1[j]=0;
  43   2                      save2[j]=0;
  44   2               }
  45   1               Init_8253();                             //8253初始化     
  46   1      }
  47          
  48          void ShowSetResult()
  49          {
  50   1        Flag_RefrInput=0;
  51   1        Flag_RefrPara=0;
  52   1        Flag_RefrRight=0;
  53   1        Flag_RefrTime=0;
  54   1        Clear();                                                                              //清除光标
  55   1        Lcd_Clear();
C51 COMPILER V7.08   MEASURE                                                               04/11/2016 13:25:16 PAGE 2   

  56   1        if(measure_flag==1)
  57   1        {
  58   2           Txtext(152,148,"探头共计：");
  59   2           Tnumber(392,148,Incinput);
  60   2           Txtext(440,148,"个");
  61   2           Txtext(152,216,"测量时间：");
  62   2           Tnumber(392,216,Redrawtime);
  63   2           Txtext(480,216,"秒");
  64   2           Txtext(152,284,"进行测量中..."); 
  65   2        }
  66   1        else
  67   1        {
  68   2           Txtext(152,148,"标定测量：第");
  69   2           Tnumber(450,148,biaoding_input);
  70   2           Txtext(484,148,"个探头");
  71   2           Txtext(152,216,"测量时间：");
  72   2           Tnumber(392,216,Redrawtime);
  73   2           Txtext(480,216,"秒");
  74   2           Txtext(152,284,"进行标定测量中..."); 
  75   2        } 
  76   1       }


MODULE INFORMATION:   STATIC OVERLAYABLE
   CODE SIZE        =    378    ----
   CONSTANT SIZE    =     80    ----
   XDATA SIZE       =   ----    ----
   PDATA SIZE       =   ----    ----
   DATA SIZE        =   ----    ----
   IDATA SIZE       =   ----    ----
   BIT SIZE         =   ----    ----
END OF MODULE INFORMATION.


C51 COMPILATION COMPLETE.  0 WARNING(S),  0 ERROR(S)
